  texrt26.cpp
d:\vs location\vs new project\project26\project26\texrt26.cpp(10): warning C4101: “max”: 未引用的局部变量
d:\vs location\vs new project\project26\project26\texrt26.cpp(18): error C2065: “max”: 未声明的标识符
d:\vs location\vs new project\project26\project26\texrt26.cpp(18): error C2065: “maxnumber”: 未声明的标识符
d:\vs location\vs new project\project26\project26\texrt26.cpp(18): error C4430: 缺少类型说明符 - 假定为 int。注意: C++ 不支持默认 int
d:\vs location\vs new project\project26\project26\texrt26.cpp(18): error C2365: “printf”: 重定义；以前的定义是“函数”
  d:\windows kits\10\include\10.0.17763.0\ucrt\stdio.h(948): note: 参见“printf”的声明
d:\vs location\vs new project\project26\project26\texrt26.cpp(19): error C2059: 语法错误:“return”
d:\vs location\vs new project\project26\project26\texrt26.cpp(20): error C2059: 语法错误:“}”
d:\vs location\vs new project\project26\project26\texrt26.cpp(20): error C2143: 语法错误: 缺少“;”(在“}”的前面)
